Using pre-set license
Built from '2020.3/staging' branch; Version is '2020.3.13f1 (71691879b7f5) revision 7432472'; Using compiler version '192528614'; Build Type 'Release'
OS: 'Windows 10 Enterprise; OS build 19041.1165; Version 2004; 64bit' Language: 'pt' Physical Memory: 16315 MB
BatchMode: 1, IsHumanControllingUs: 0, StartBugReporterOnCrash: 0, Is64bit: 1, IsPro: 0

 COMMAND LINE ARGUMENTS:
C:\Program Files\Unity\Hub\Editor\2020.3.13f1\Editor\Unity.exe
-adb2
-batchMode
-noUpm
-name
AssetImportWorker0
-projectPath
C:/Users/Alan Hayp/MyProjects/TowerDefenseGame/TowerDefense
-logFile
Logs/AssetImportWorker0.log
-srvPort
50735
Successfully changed project path to: C:/Users/Alan Hayp/MyProjects/TowerDefenseGame/TowerDefense
C:/Users/Alan Hayp/MyProjects/TowerDefenseGame/TowerDefense
Using Asset Import Pipeline V2.
Refreshing native plugins compatible for Editor in 27.60 ms, found 2 plugins.
Preloading 0 native plugins for Editor in 0.00 ms.
Initialize engine version: 2020.3.13f1 (71691879b7f5)
[Subsystems] Discovering subsystems at path C:/Program Files/Unity/Hub/Editor/2020.3.13f1/Editor/Data/Resources/UnitySubsystems
[Subsystems] Discovering subsystems at path C:/Users/Alan Hayp/MyProjects/TowerDefenseGame/TowerDefense/Assets
GfxDevice: creating device client; threaded=0
Direct3D:
    Version:  Direct3D 11.0 [level 11.1]
    Renderer: NVIDIA GeForce GTX 1650 (ID=0x1f0a)
    Vendor:   
    VRAM:     3961 MB
    Driver:   27.21.14.6589
Initialize mono
Mono path[0] = 'C:/Program Files/Unity/Hub/Editor/2020.3.13f1/Editor/Data/Managed'
Mono path[1] = 'C:/Program Files/Unity/Hub/Editor/2020.3.13f1/Editor/Data/MonoBleedingEdge/lib/mono/unityjit'
Mono config path = 'C:/Program Files/Unity/Hub/Editor/2020.3.13f1/Editor/Data/MonoBleedingEdge/etc'
Using monoOptions --debugger-agent=transport=dt_socket,embedding=1,server=y,suspend=n,address=127.0.0.1:56060
Begin MonoManager ReloadAssembly
Registering precompiled unity dll's ...
Register platform support module: C:/Program Files/Unity/Hub/Editor/2020.3.13f1/Editor/Data/PlaybackEngines/WindowsStandaloneSupport/UnityEditor.WindowsStandalone.Extensions.dll
Registered in 0.001551 seconds.
Native extension for WindowsStandalone target not found
Refreshing native plugins compatible for Editor in 26.51 ms, found 2 plugins.
Preloading 0 native plugins for Editor in 0.00 ms.
Mono: successfully reloaded assembly
- Completed reload, in  1.405 seconds
Platform modules already initialized, skipping
Registering precompiled user dll's ...
Registered in 0.002861 seconds.
Begin MonoManager ReloadAssembly
Native extension for WindowsStandalone target not found
Refreshing native plugins compatible for Editor in 0.33 ms, found 2 plugins.
Preloading 0 native plugins for Editor in 0.00 ms.
Mono: successfully reloaded assembly
- Completed reload, in  0.837 seconds
Platform modules already initialized, skipping
========================================================================
Worker process is ready to serve import requests
Launched and connected shader compiler UnityShaderCompiler.exe after 0.03 seconds
Refreshing native plugins compatible for Editor in 0.33 ms, found 2 plugins.
Preloading 0 native plugins for Editor in 0.00 ms.
Unloading 1415 Unused Serialized files (Serialized files now loaded: 0)
System memory in use before: 68.4 MB.
System memory in use after: 68.4 MB.

Unloading 19 unused Assets to reduce memory usage. Loaded Objects now: 1854.
Total: 1.723900 ms (FindLiveObjects: 0.159200 ms CreateObjectMapping: 0.031600 ms MarkObjects: 1.457400 ms  DeleteObjects: 0.074400 ms)

AssetImportParameters requested are different than current active one (requested -> active):
  custom:framework-win-MediaFoundation: 216162199b28c13a410421893ffa2e32 -> 
  custom:video-decoder-ogg-theora: a1e56fd34408186e4bbccfd4996cb3dc -> 
  custom:container-muxer-webm: aa71ff27fc2769a1b78a27578f13a17b -> 
  custom:container-demuxer-webm: 4f35f7cbe854078d1ac9338744f61a02 -> 
  custom:container-demuxer-ogg: 62fdf1f143b41e24485cea50d1cbac27 -> 
  custom:video-encoder-webm-vp8: eb34c28f22e8b96e1ab97ce403110664 -> 
  custom:video-decoder-webm-vp8: 9c59270c3fd7afecdb556c50c9e8de78 -> 
  custom:audio-decoder-ogg-vorbis: bf7c407c2cedff20999df2af8eb42d56 -> 
  custom:audio-encoder-webm-vorbis: bf7c407c2cedff20999df2af8eb42d56 -> 
========================================================================
Received Import Request.
  path: Assets/Prefabs/EnemyTemplate.prefab
  artifactKey: Guid(2a8ba3db2fd67e049aa821bae235da29) Importer(815301076,1909f56bfc062723c751e8b465ee728b)
Start importing Assets/Prefabs/EnemyTemplate.prefab using Guid(2a8ba3db2fd67e049aa821bae235da29) Importer(815301076,1909f56bfc062723c751e8b465ee728b)  -> (artifact id: '62551507a4c772736983bb396afc514c') in 0.072677 seconds 
  Import took 0.074769 seconds .

========================================================================
Received Import Request.
  Time since last request: 0.000148 seconds.
  path: Assets/Prefabs/Player.prefab
  artifactKey: Guid(523d414dce5989d4bbb427c6d92b5bc0) Importer(815301076,1909f56bfc062723c751e8b465ee728b)
Start importing Assets/Prefabs/Player.prefab using Guid(523d414dce5989d4bbb427c6d92b5bc0) Importer(815301076,1909f56bfc062723c751e8b465ee728b)  -> (artifact id: '8ef853df880411e272a2e8aba6d9a874') in 0.163324 seconds 
  Import took 0.165495 seconds .

========================================================================
Received Import Request.
  Time since last request: 0.125777 seconds.
  path: Assets/Prefabs/BossTemplate.prefab
  artifactKey: Guid(6f390e88ce9de924eb6df52030423d8c) Importer(815301076,1909f56bfc062723c751e8b465ee728b)
Start importing Assets/Prefabs/BossTemplate.prefab using Guid(6f390e88ce9de924eb6df52030423d8c) Importer(815301076,1909f56bfc062723c751e8b465ee728b)  -> (artifact id: 'bb9b9a627bbf75757ea54b74559258c4') in 0.014591 seconds 
  Import took 0.017255 seconds .

========================================================================
Received Prepare
Registering precompiled user dll's ...
Registered in 0.003036 seconds.
Begin MonoManager ReloadAssembly
Native extension for WindowsStandalone target not found
Refreshing native plugins compatible for Editor in 0.33 ms, found 2 plugins.
Preloading 0 native plugins for Editor in 0.00 ms.
Mono: successfully reloaded assembly
- Completed reload, in  0.773 seconds
Platform modules already initialized, skipping
Switching build target platform(19) subTarget(0) extendedPlatform(0) -> platform(13) subTarget(537395200) extendedPlatform(0)
Refreshing native plugins compatible for Editor in 0.33 ms, found 2 plugins.
Preloading 0 native plugins for Editor in 0.00 ms.
Unloading 1400 Unused Serialized files (Serialized files now loaded: 0)
System memory in use before: 83.6 MB.
System memory in use after: 83.6 MB.

Unloading 14 unused Assets to reduce memory usage. Loaded Objects now: 1866.
Total: 1.650000 ms (FindLiveObjects: 0.138600 ms CreateObjectMapping: 0.035000 ms MarkObjects: 1.428000 ms  DeleteObjects: 0.047400 ms)

AssetImportParameters requested are different than current active one (requested -> active):
  custom:framework-win-MediaFoundation: 216162199b28c13a410421893ffa2e32 -> 
  custom:video-decoder-ogg-theora: a1e56fd34408186e4bbccfd4996cb3dc -> 
  custom:container-muxer-webm: aa71ff27fc2769a1b78a27578f13a17b -> 
  custom:container-demuxer-webm: 4f35f7cbe854078d1ac9338744f61a02 -> 
  custom:container-demuxer-ogg: 62fdf1f143b41e24485cea50d1cbac27 -> 
  custom:video-encoder-webm-vp8: eb34c28f22e8b96e1ab97ce403110664 -> 
  custom:video-decoder-webm-vp8: 9c59270c3fd7afecdb556c50c9e8de78 -> 
  custom:graphics/normal-map-encoding: 01000000000000000000000000000000 -> 02000000000000000000000000000000
  custom:audio-decoder-ogg-vorbis: bf7c407c2cedff20999df2af8eb42d56 -> 
  custom:audio-encoder-webm-vorbis: bf7c407c2cedff20999df2af8eb42d56 -> 
========================================================================
Received Import Request.
  Time since last request: 818.580811 seconds.
  path: Assets/Scripts/HUD/EndGameCanvas.cs
  artifactKey: Guid(b0a415189b4d29442a235303799ff31e) Importer(815301076,1909f56bfc062723c751e8b465ee728b)
Start importing Assets/Scripts/HUD/EndGameCanvas.cs using Guid(b0a415189b4d29442a235303799ff31e) Importer(815301076,1909f56bfc062723c751e8b465ee728b)  -> (artifact id: '920ed7b354b676b98985a6db7d89012d') in 0.010827 seconds 
  Import took 0.013385 seconds .

========================================================================
Received Prepare
Registering precompiled user dll's ...
Registered in 0.002783 seconds.
Begin MonoManager ReloadAssembly
Native extension for WindowsStandalone target not found
Refreshing native plugins compatible for Editor in 0.34 ms, found 2 plugins.
Preloading 0 native plugins for Editor in 0.00 ms.
Mono: successfully reloaded assembly
- Completed reload, in  0.825 seconds
Platform modules already initialized, skipping
Switching build target platform(19) subTarget(0) extendedPlatform(0) -> platform(13) subTarget(537395200) extendedPlatform(0)
Refreshing native plugins compatible for Editor in 0.32 ms, found 2 plugins.
Preloading 0 native plugins for Editor in 0.00 ms.
Unloading 1401 Unused Serialized files (Serialized files now loaded: 0)
System memory in use before: 83.6 MB.
System memory in use after: 83.7 MB.

Unloading 14 unused Assets to reduce memory usage. Loaded Objects now: 1870.
Total: 1.715500 ms (FindLiveObjects: 0.142700 ms CreateObjectMapping: 0.036200 ms MarkObjects: 1.491500 ms  DeleteObjects: 0.044400 ms)

AssetImportParameters requested are different than current active one (requested -> active):
  custom:framework-win-MediaFoundation: 216162199b28c13a410421893ffa2e32 -> 
  custom:video-decoder-ogg-theora: a1e56fd34408186e4bbccfd4996cb3dc -> 
  custom:container-muxer-webm: aa71ff27fc2769a1b78a27578f13a17b -> 
  custom:container-demuxer-webm: 4f35f7cbe854078d1ac9338744f61a02 -> 
  custom:container-demuxer-ogg: 62fdf1f143b41e24485cea50d1cbac27 -> 
  custom:video-encoder-webm-vp8: eb34c28f22e8b96e1ab97ce403110664 -> 
  custom:video-decoder-webm-vp8: 9c59270c3fd7afecdb556c50c9e8de78 -> 
  custom:graphics/normal-map-encoding: 01000000000000000000000000000000 -> 02000000000000000000000000000000
  custom:audio-decoder-ogg-vorbis: bf7c407c2cedff20999df2af8eb42d56 -> 
  custom:audio-encoder-webm-vorbis: bf7c407c2cedff20999df2af8eb42d56 -> 
========================================================================
Received Prepare
Registering precompiled user dll's ...
Registered in 0.003636 seconds.
Begin MonoManager ReloadAssembly
Native extension for WindowsStandalone target not found
Refreshing native plugins compatible for Editor in 0.33 ms, found 2 plugins.
Preloading 0 native plugins for Editor in 0.00 ms.
Mono: successfully reloaded assembly
- Completed reload, in  0.757 seconds
Platform modules already initialized, skipping
Switching build target platform(19) subTarget(0) extendedPlatform(0) -> platform(13) subTarget(537395200) extendedPlatform(0)
Refreshing native plugins compatible for Editor in 0.33 ms, found 2 plugins.
Preloading 0 native plugins for Editor in 0.00 ms.
Unloading 1401 Unused Serialized files (Serialized files now loaded: 0)
System memory in use before: 83.6 MB.
System memory in use after: 83.7 MB.

Unloading 14 unused Assets to reduce memory usage. Loaded Objects now: 1873.
Total: 1.847900 ms (FindLiveObjects: 0.143100 ms CreateObjectMapping: 0.035800 ms MarkObjects: 1.619800 ms  DeleteObjects: 0.048200 ms)

AssetImportParameters requested are different than current active one (requested -> active):
  custom:framework-win-MediaFoundation: 216162199b28c13a410421893ffa2e32 -> 
  custom:video-decoder-ogg-theora: a1e56fd34408186e4bbccfd4996cb3dc -> 
  custom:container-muxer-webm: aa71ff27fc2769a1b78a27578f13a17b -> 
  custom:container-demuxer-webm: 4f35f7cbe854078d1ac9338744f61a02 -> 
  custom:container-demuxer-ogg: 62fdf1f143b41e24485cea50d1cbac27 -> 
  custom:video-encoder-webm-vp8: eb34c28f22e8b96e1ab97ce403110664 -> 
  custom:video-decoder-webm-vp8: 9c59270c3fd7afecdb556c50c9e8de78 -> 
  custom:graphics/normal-map-encoding: 01000000000000000000000000000000 -> 02000000000000000000000000000000
  custom:audio-decoder-ogg-vorbis: bf7c407c2cedff20999df2af8eb42d56 -> 
  custom:audio-encoder-webm-vorbis: bf7c407c2cedff20999df2af8eb42d56 -> 
========================================================================
Received Import Request.
  Time since last request: 262.481698 seconds.
  path: Assets/Scripts/HUD/EndGameCanvas.cs
  artifactKey: Guid(b0a415189b4d29442a235303799ff31e) Importer(815301076,1909f56bfc062723c751e8b465ee728b)
Start importing Assets/Scripts/HUD/EndGameCanvas.cs using Guid(b0a415189b4d29442a235303799ff31e) Importer(815301076,1909f56bfc062723c751e8b465ee728b)  -> (artifact id: 'bd2575656c09ea60577209b7d02ac5dc') in 0.003634 seconds 
  Import took 0.005626 seconds .

========================================================================
Received Prepare
Registering precompiled user dll's ...
Registered in 0.003390 seconds.
Begin MonoManager ReloadAssembly
Native extension for WindowsStandalone target not found
Refreshing native plugins compatible for Editor in 0.48 ms, found 2 plugins.
Preloading 0 native plugins for Editor in 0.00 ms.
Mono: successfully reloaded assembly
- Completed reload, in  0.860 seconds
Platform modules already initialized, skipping
Switching build target platform(19) subTarget(0) extendedPlatform(0) -> platform(13) subTarget(537395200) extendedPlatform(0)
Refreshing native plugins compatible for Editor in 0.50 ms, found 2 plugins.
Preloading 0 native plugins for Editor in 0.00 ms.
Unloading 1401 Unused Serialized files (Serialized files now loaded: 0)
System memory in use before: 83.6 MB.
System memory in use after: 83.7 MB.

Unloading 14 unused Assets to reduce memory usage. Loaded Objects now: 1876.
Total: 1.913700 ms (FindLiveObjects: 0.179800 ms CreateObjectMapping: 0.032600 ms MarkObjects: 1.648700 ms  DeleteObjects: 0.051400 ms)

AssetImportParameters requested are different than current active one (requested -> active):
  custom:framework-win-MediaFoundation: 216162199b28c13a410421893ffa2e32 -> 
  custom:video-decoder-ogg-theora: a1e56fd34408186e4bbccfd4996cb3dc -> 
  custom:container-muxer-webm: aa71ff27fc2769a1b78a27578f13a17b -> 
  custom:container-demuxer-webm: 4f35f7cbe854078d1ac9338744f61a02 -> 
  custom:container-demuxer-ogg: 62fdf1f143b41e24485cea50d1cbac27 -> 
  custom:video-encoder-webm-vp8: eb34c28f22e8b96e1ab97ce403110664 -> 
  custom:video-decoder-webm-vp8: 9c59270c3fd7afecdb556c50c9e8de78 -> 
  custom:graphics/normal-map-encoding: 01000000000000000000000000000000 -> 02000000000000000000000000000000
  custom:audio-decoder-ogg-vorbis: bf7c407c2cedff20999df2af8eb42d56 -> 
  custom:audio-encoder-webm-vorbis: bf7c407c2cedff20999df2af8eb42d56 -> 
========================================================================
Received Prepare
Registering precompiled user dll's ...
Registered in 0.002811 seconds.
Begin MonoManager ReloadAssembly
Native extension for WindowsStandalone target not found
Refreshing native plugins compatible for Editor in 0.33 ms, found 2 plugins.
Preloading 0 native plugins for Editor in 0.00 ms.
Mono: successfully reloaded assembly
- Completed reload, in  0.773 seconds
Platform modules already initialized, skipping
Switching build target platform(19) subTarget(0) extendedPlatform(0) -> platform(13) subTarget(537395200) extendedPlatform(0)
Refreshing native plugins compatible for Editor in 0.35 ms, found 2 plugins.
Preloading 0 native plugins for Editor in 0.00 ms.
Unloading 1401 Unused Serialized files (Serialized files now loaded: 0)
System memory in use before: 83.6 MB.
System memory in use after: 83.7 MB.

Unloading 14 unused Assets to reduce memory usage. Loaded Objects now: 1879.
Total: 1.654900 ms (FindLiveObjects: 0.147600 ms CreateObjectMapping: 0.031400 ms MarkObjects: 1.429000 ms  DeleteObjects: 0.045900 ms)

AssetImportParameters requested are different than current active one (requested -> active):
  custom:framework-win-MediaFoundation: 216162199b28c13a410421893ffa2e32 -> 
  custom:video-decoder-ogg-theora: a1e56fd34408186e4bbccfd4996cb3dc -> 
  custom:container-muxer-webm: aa71ff27fc2769a1b78a27578f13a17b -> 
  custom:container-demuxer-webm: 4f35f7cbe854078d1ac9338744f61a02 -> 
  custom:container-demuxer-ogg: 62fdf1f143b41e24485cea50d1cbac27 -> 
  custom:video-encoder-webm-vp8: eb34c28f22e8b96e1ab97ce403110664 -> 
  custom:video-decoder-webm-vp8: 9c59270c3fd7afecdb556c50c9e8de78 -> 
  custom:graphics/normal-map-encoding: 01000000000000000000000000000000 -> 02000000000000000000000000000000
  custom:audio-decoder-ogg-vorbis: bf7c407c2cedff20999df2af8eb42d56 -> 
  custom:audio-encoder-webm-vorbis: bf7c407c2cedff20999df2af8eb42d56 -> 
========================================================================
Received Prepare
Registering precompiled user dll's ...
Registered in 0.003305 seconds.
Begin MonoManager ReloadAssembly
Native extension for WindowsStandalone target not found
Refreshing native plugins compatible for Editor in 0.33 ms, found 2 plugins.
Preloading 0 native plugins for Editor in 0.00 ms.
Mono: successfully reloaded assembly
- Completed reload, in  0.791 seconds
Platform modules already initialized, skipping
Switching build target platform(19) subTarget(0) extendedPlatform(0) -> platform(13) subTarget(537395200) extendedPlatform(0)
Refreshing native plugins compatible for Editor in 0.31 ms, found 2 plugins.
Preloading 0 native plugins for Editor in 0.00 ms.
Unloading 1401 Unused Serialized files (Serialized files now loaded: 0)
System memory in use before: 83.7 MB.
System memory in use after: 83.7 MB.

Unloading 14 unused Assets to reduce memory usage. Loaded Objects now: 1882.
Total: 1.684800 ms (FindLiveObjects: 0.140500 ms CreateObjectMapping: 0.036300 ms MarkObjects: 1.463400 ms  DeleteObjects: 0.043700 ms)

AssetImportParameters requested are different than current active one (requested -> active):
  custom:framework-win-MediaFoundation: 216162199b28c13a410421893ffa2e32 -> 
  custom:video-decoder-ogg-theora: a1e56fd34408186e4bbccfd4996cb3dc -> 
  custom:container-muxer-webm: aa71ff27fc2769a1b78a27578f13a17b -> 
  custom:container-demuxer-webm: 4f35f7cbe854078d1ac9338744f61a02 -> 
  custom:container-demuxer-ogg: 62fdf1f143b41e24485cea50d1cbac27 -> 
  custom:video-encoder-webm-vp8: eb34c28f22e8b96e1ab97ce403110664 -> 
  custom:video-decoder-webm-vp8: 9c59270c3fd7afecdb556c50c9e8de78 -> 
  custom:graphics/normal-map-encoding: 01000000000000000000000000000000 -> 02000000000000000000000000000000
  custom:audio-decoder-ogg-vorbis: bf7c407c2cedff20999df2af8eb42d56 -> 
  custom:audio-encoder-webm-vorbis: bf7c407c2cedff20999df2af8eb42d56 -> 
========================================================================
Received Import Request.
  Time since last request: 492.741556 seconds.
  path: Assets/Prefabs/BossTemplate.prefab
  artifactKey: Guid(6f390e88ce9de924eb6df52030423d8c) Importer(815301076,1909f56bfc062723c751e8b465ee728b)
Start importing Assets/Prefabs/BossTemplate.prefab using Guid(6f390e88ce9de924eb6df52030423d8c) Importer(815301076,1909f56bfc062723c751e8b465ee728b)  -> (artifact id: 'a482e302c59b38075c6940fa622b695b') in 0.039362 seconds 
  Import took 0.041620 seconds .

========================================================================
Received Import Request.
  Time since last request: 0.000162 seconds.
  path: Assets/Prefabs/EnemyTemplate.prefab
  artifactKey: Guid(2a8ba3db2fd67e049aa821bae235da29) Importer(815301076,1909f56bfc062723c751e8b465ee728b)
Start importing Assets/Prefabs/EnemyTemplate.prefab using Guid(2a8ba3db2fd67e049aa821bae235da29) Importer(815301076,1909f56bfc062723c751e8b465ee728b)  -> (artifact id: '4cbcefe94351d8607fd09d2bed58d516') in 0.006099 seconds 
  Import took 0.008229 seconds .

========================================================================
Received Import Request.
  Time since last request: 1.562434 seconds.
  path: Assets/Scenes/SampleScene.unity
  artifactKey: Guid(9fc0d4010bbf28b4594072e72b8655ab) Importer(815301076,1909f56bfc062723c751e8b465ee728b)
Start importing Assets/Scenes/SampleScene.unity using Guid(9fc0d4010bbf28b4594072e72b8655ab) Importer(815301076,1909f56bfc062723c751e8b465ee728b)  -> (artifact id: '555cb46c94c347cf1ccec8cec6f1807d') in 0.006127 seconds 
  Import took 0.008424 seconds .

========================================================================
Received Import Request.
  Time since last request: 6.776643 seconds.
  path: Assets/Scenes/GamePlayer.unity
  artifactKey: Guid(9fc0d4010bbf28b4594072e72b8655ab) Importer(815301076,1909f56bfc062723c751e8b465ee728b)
Start importing Assets/Scenes/GamePlayer.unity using Guid(9fc0d4010bbf28b4594072e72b8655ab) Importer(815301076,1909f56bfc062723c751e8b465ee728b)  -> (artifact id: 'ad820469cc07d6a42e9b9bae784faf95') in 0.006325 seconds 
  Import took 0.009312 seconds .

========================================================================
Received Import Request.
  Time since last request: 3.189491 seconds.
  path: Assets/Scenes/GamePlay.unity
  artifactKey: Guid(9fc0d4010bbf28b4594072e72b8655ab) Importer(815301076,1909f56bfc062723c751e8b465ee728b)
Start importing Assets/Scenes/GamePlay.unity using Guid(9fc0d4010bbf28b4594072e72b8655ab) Importer(815301076,1909f56bfc062723c751e8b465ee728b)  -> (artifact id: '04799c5b27f29b9458985fb2b87c59c6') in 0.004789 seconds 
  Import took 0.007084 seconds .

========================================================================
Received Import Request.
  Time since last request: 0.961789 seconds.
  path: Assets/Scenes
  artifactKey: Guid(2cf1b4f2afb9d9e43acd81c143ca1aec) Importer(815301076,1909f56bfc062723c751e8b465ee728b)
Start importing Assets/Scenes using Guid(2cf1b4f2afb9d9e43acd81c143ca1aec) Importer(815301076,1909f56bfc062723c751e8b465ee728b)  -> (artifact id: 'cb65c2ecd716421ebcf081630139f49e') in 0.004871 seconds 
  Import took 0.007201 seconds .

========================================================================
Received Import Request.
  Time since last request: 6.314721 seconds.
  path: Assets/Scenes/MainMenu.unity
  artifactKey: Guid(1944076a5a1722d4d91b70cb52e9caa4) Importer(815301076,1909f56bfc062723c751e8b465ee728b)
Start importing Assets/Scenes/MainMenu.unity using Guid(1944076a5a1722d4d91b70cb52e9caa4) Importer(815301076,1909f56bfc062723c751e8b465ee728b)  -> (artifact id: '50dd67231cd9ffc650e7a1c474a0e59f') in 0.006078 seconds 
  Import took 0.008211 seconds .

========================================================================
Received Import Request.
  Time since last request: 491.967215 seconds.
  path: Assets/ART/Icons/BackIcon.png
  artifactKey: Guid(9dabbe19721f49a4fb569ca0343a0e0e) Importer(815301076,1909f56bfc062723c751e8b465ee728b)
Start importing Assets/ART/Icons/BackIcon.png using Guid(9dabbe19721f49a4fb569ca0343a0e0e) Importer(815301076,1909f56bfc062723c751e8b465ee728b)  -> (artifact id: '36de0d315f938429cf22f429f3fba620') in 0.054976 seconds 
  Import took 0.057306 seconds .

========================================================================
Received Import Request.
  Time since last request: 0.000152 seconds.
  path: Assets/ART/Icons/GmailIcon.png
  artifactKey: Guid(fe6a661ba09eff54abb5d741ef4c4956) Importer(815301076,1909f56bfc062723c751e8b465ee728b)
Start importing Assets/ART/Icons/GmailIcon.png using Guid(fe6a661ba09eff54abb5d741ef4c4956) Importer(815301076,1909f56bfc062723c751e8b465ee728b)  -> (artifact id: 'd9ae7d26cac237b63ee915e91eddaf72') in 0.031846 seconds 
  Import took 0.033726 seconds .

========================================================================
Received Import Request.
  Time since last request: 0.000138 seconds.
  path: Assets/ART/Icons/LikedIcon.png
  artifactKey: Guid(6939ddc218c2ab14a9a6cdbd6c550642) Importer(815301076,1909f56bfc062723c751e8b465ee728b)
Start importing Assets/ART/Icons/LikedIcon.png using Guid(6939ddc218c2ab14a9a6cdbd6c550642) Importer(815301076,1909f56bfc062723c751e8b465ee728b)  -> (artifact id: 'e3a189a8a83f09fa4445a30527fd9425') in 0.044451 seconds 
  Import took 0.046487 seconds .

========================================================================
Received Import Request.
  Time since last request: 0.000148 seconds.
  path: Assets/ART/Icons/CorrectIcon.png
  artifactKey: Guid(51fafc91076bc34459ad12b5af1d3709) Importer(815301076,1909f56bfc062723c751e8b465ee728b)
Start importing Assets/ART/Icons/CorrectIcon.png using Guid(51fafc91076bc34459ad12b5af1d3709) Importer(815301076,1909f56bfc062723c751e8b465ee728b)  -> (artifact id: '9a332ecbc42860e40294fd1d186306de') in 0.038050 seconds 
  Import took 0.039929 seconds .

========================================================================
Received Import Request.
  Time since last request: 0.000150 seconds.
  path: Assets/ART/Icons/ConfigurationIcon.png
  artifactKey: Guid(99df34a5539cdd4468e21d6f1d15fd98) Importer(815301076,1909f56bfc062723c751e8b465ee728b)
Start importing Assets/ART/Icons/ConfigurationIcon.png using Guid(99df34a5539cdd4468e21d6f1d15fd98) Importer(815301076,1909f56bfc062723c751e8b465ee728b)  -> (artifact id: 'f48207f0cb0304b1926c55a817d00091') in 0.023343 seconds 
  Import took 0.025246 seconds .

========================================================================
Received Import Request.
  Time since last request: 0.000140 seconds.
  path: Assets/ART/Icons/ForwardIcon.png
  artifactKey: Guid(ea5467c37eef16c4f9a9276cc6f663ad) Importer(815301076,1909f56bfc062723c751e8b465ee728b)
Start importing Assets/ART/Icons/ForwardIcon.png using Guid(ea5467c37eef16c4f9a9276cc6f663ad) Importer(815301076,1909f56bfc062723c751e8b465ee728b)  -> (artifact id: 'c60754ccb5f8477ed15410a24cca4ac6') in 0.028445 seconds 
  Import took 0.030610 seconds .

========================================================================
Received Import Request.
  Time since last request: 0.000142 seconds.
  path: Assets/ART/Icons/ClockIcon.png
  artifactKey: Guid(4c29280da48bfe94dbb2747aace09eb7) Importer(815301076,1909f56bfc062723c751e8b465ee728b)
Start importing Assets/ART/Icons/ClockIcon.png using Guid(4c29280da48bfe94dbb2747aace09eb7) Importer(815301076,1909f56bfc062723c751e8b465ee728b)  -> (artifact id: 'a2f7674f7bba00b391a5ad9f71a944da') in 0.040993 seconds 
  Import took 0.043079 seconds .

========================================================================
Received Import Request.
  Time since last request: 0.000137 seconds.
  path: Assets/ART/Icons/fill.png
  artifactKey: Guid(946da993a47a8b948bf0f48e74c704d5) Importer(815301076,1909f56bfc062723c751e8b465ee728b)
Start importing Assets/ART/Icons/fill.png using Guid(946da993a47a8b948bf0f48e74c704d5) Importer(815301076,1909f56bfc062723c751e8b465ee728b)  -> (artifact id: '44ce179846daa2f09fbe736d18c11a9a') in 0.024332 seconds 
  Import took 0.026192 seconds .

========================================================================
Received Import Request.
  Time since last request: 0.000132 seconds.
  path: Assets/ART/Icons/FormandoIcon.png
  artifactKey: Guid(bb232ccdc2586034f8b510cb7e4b7a71) Importer(815301076,1909f56bfc062723c751e8b465ee728b)
Start importing Assets/ART/Icons/FormandoIcon.png using Guid(bb232ccdc2586034f8b510cb7e4b7a71) Importer(815301076,1909f56bfc062723c751e8b465ee728b)  -> (artifact id: '9c5a36763d3ed8d8294220fe778d2993') in 0.011214 seconds 
  Import took 0.013418 seconds .

========================================================================
Received Import Request.
  Time since last request: 0.000126 seconds.
  path: Assets/ART/Icons/LockIcon.png
  artifactKey: Guid(b9acc0cf45a6e294abc0e372b1a9b30b) Importer(815301076,1909f56bfc062723c751e8b465ee728b)
Start importing Assets/ART/Icons/LockIcon.png using Guid(b9acc0cf45a6e294abc0e372b1a9b30b) Importer(815301076,1909f56bfc062723c751e8b465ee728b)  -> (artifact id: '1211f23b8901493ed23c740cf20cbb13') in 0.011358 seconds 
  Import took 0.013377 seconds .

========================================================================
Received Import Request.
  Time since last request: 0.000413 seconds.
  path: Assets/ART/Icons/loadingmark_87510.png
  artifactKey: Guid(ad9292afed72d8d4ba2f22e68cb5c772) Importer(815301076,1909f56bfc062723c751e8b465ee728b)
Start importing Assets/ART/Icons/loadingmark_87510.png using Guid(ad9292afed72d8d4ba2f22e68cb5c772) Importer(815301076,1909f56bfc062723c751e8b465ee728b)  -> (artifact id: '7364dbe0826bb4f573a974e1b814c5d8') in 0.010694 seconds 
  Import took 0.013135 seconds .

========================================================================
Received Import Request.
  Time since last request: 0.000148 seconds.
  path: Assets/ART/Icons/LinkedInIcon.png
  artifactKey: Guid(68efd6867278db74e925555a93174361) Importer(815301076,1909f56bfc062723c751e8b465ee728b)
Start importing Assets/ART/Icons/LinkedInIcon.png using Guid(68efd6867278db74e925555a93174361) Importer(815301076,1909f56bfc062723c751e8b465ee728b)  -> (artifact id: 'debc3b831c6c0b3b1c53e9f733d46945') in 0.011439 seconds 
  Import took 0.013683 seconds .

========================================================================
Received Import Request.
  Time since last request: 0.555553 seconds.
  path: Assets/ART/Icons/menubuttonofthreelines_79781.png
  artifactKey: Guid(ec68f24fda45d3646aac955e603e1faa) Importer(815301076,1909f56bfc062723c751e8b465ee728b)
Start importing Assets/ART/Icons/menubuttonofthreelines_79781.png using Guid(ec68f24fda45d3646aac955e603e1faa) Importer(815301076,1909f56bfc062723c751e8b465ee728b)  -> (artifact id: '2c993d58a099642ac59d1be2b18d7f13') in 0.010110 seconds 
  Import took 0.012369 seconds .

========================================================================
Received Import Request.
  Time since last request: 0.356326 seconds.
  path: Assets/ART/Icons/MoneyOne.png
  artifactKey: Guid(7af498be2fb6de04dad76e03bec09f5f) Importer(815301076,1909f56bfc062723c751e8b465ee728b)
Start importing Assets/ART/Icons/MoneyOne.png using Guid(7af498be2fb6de04dad76e03bec09f5f) Importer(815301076,1909f56bfc062723c751e8b465ee728b)  -> (artifact id: 'ce77a49bac6253f97121c7076ca3c9d8') in 0.010802 seconds 
  Import took 0.013176 seconds .

========================================================================
Received Import Request.
  Time since last request: 0.001453 seconds.
  path: Assets/ART/Icons/MoneyOne.png
  artifactKey: Guid(7af498be2fb6de04dad76e03bec09f5f) Importer(815301076,1909f56bfc062723c751e8b465ee728b)
Start importing Assets/ART/Icons/MoneyOne.png using Guid(7af498be2fb6de04dad76e03bec09f5f) Importer(815301076,1909f56bfc062723c751e8b465ee728b)  -> (artifact id: 'ce77a49bac6253f97121c7076ca3c9d8') in 0.011050 seconds 
  Import took 0.013308 seconds .

========================================================================
Received Import Request.
  Time since last request: 0.000144 seconds.
  path: Assets/ART/Icons/MoneyThree.png
  artifactKey: Guid(f8e31daf3a7202649968eaffcef0fc45) Importer(815301076,1909f56bfc062723c751e8b465ee728b)
Start importing Assets/ART/Icons/MoneyThree.png using Guid(f8e31daf3a7202649968eaffcef0fc45) Importer(815301076,1909f56bfc062723c751e8b465ee728b)  -> (artifact id: '70fcf2522adc7d8be929480e1f9aeee6') in 0.011725 seconds 
  Import took 0.013810 seconds .

========================================================================
Received Import Request.
  Time since last request: 0.008404 seconds.
  path: Assets/ART/Icons/MoneyTwo.png
  artifactKey: Guid(de1515bb3cf3a1b48b7e210a44ddd774) Importer(815301076,1909f56bfc062723c751e8b465ee728b)
Start importing Assets/ART/Icons/MoneyTwo.png using Guid(de1515bb3cf3a1b48b7e210a44ddd774) Importer(815301076,1909f56bfc062723c751e8b465ee728b)  -> (artifact id: 'ef767d576c90eed23d44f888322731f8') in 0.011705 seconds 
  Import took 0.014055 seconds .

========================================================================
Received Import Request.
  Time since last request: 0.012529 seconds.
  path: Assets/ART/Icons/NextIcon.png
  artifactKey: Guid(6dea9a4b98a5d4e499c5e4226b79b98c) Importer(815301076,1909f56bfc062723c751e8b465ee728b)
Start importing Assets/ART/Icons/NextIcon.png using Guid(6dea9a4b98a5d4e499c5e4226b79b98c) Importer(815301076,1909f56bfc062723c751e8b465ee728b)  -> (artifact id: '11c6af0cad8019404e6646a952f9e438') in 0.011112 seconds 
  Import took 0.013329 seconds .

========================================================================
Received Import Request.
  Time since last request: 0.331522 seconds.
  path: Assets/ART/Icons/NoWatchedIcon.png
  artifactKey: Guid(0c63e564e5822bd45b3141ace8689dfc) Importer(815301076,1909f56bfc062723c751e8b465ee728b)
Start importing Assets/ART/Icons/NoWatchedIcon.png using Guid(0c63e564e5822bd45b3141ace8689dfc) Importer(815301076,1909f56bfc062723c751e8b465ee728b)  -> (artifact id: '76c67c502d121f1d7b563761bf961e14') in 0.010126 seconds 
  Import took 0.012689 seconds .

========================================================================
Received Import Request.
  Time since last request: 0.001602 seconds.
  path: Assets/ART/Icons/NoWatchedIcon.png
  artifactKey: Guid(0c63e564e5822bd45b3141ace8689dfc) Importer(815301076,1909f56bfc062723c751e8b465ee728b)
Start importing Assets/ART/Icons/NoWatchedIcon.png using Guid(0c63e564e5822bd45b3141ace8689dfc) Importer(815301076,1909f56bfc062723c751e8b465ee728b)  -> (artifact id: '76c67c502d121f1d7b563761bf961e14') in 0.008646 seconds 
  Import took 0.010799 seconds .

========================================================================
Received Import Request.
  Time since last request: 0.000140 seconds.
  path: Assets/ART/Icons/PauseIcon.png
  artifactKey: Guid(330b94f9d17588b4bb2f67835d6eac5c) Importer(815301076,1909f56bfc062723c751e8b465ee728b)
Start importing Assets/ART/Icons/PauseIcon.png using Guid(330b94f9d17588b4bb2f67835d6eac5c) Importer(815301076,1909f56bfc062723c751e8b465ee728b)  -> (artifact id: '41ad8029441c3217f99d81a603f1a524') in 0.011047 seconds 
  Import took 0.012926 seconds .

========================================================================
Received Prepare
Registering precompiled user dll's ...
Registered in 0.002975 seconds.
Begin MonoManager ReloadAssembly
Native extension for WindowsStandalone target not found
Refreshing native plugins compatible for Editor in 0.38 ms, found 2 plugins.
Preloading 0 native plugins for Editor in 0.00 ms.
Mono: successfully reloaded assembly
- Completed reload, in  0.914 seconds
Platform modules already initialized, skipping
Switching build target platform(19) subTarget(0) extendedPlatform(0) -> platform(13) subTarget(537395200) extendedPlatform(0)
Refreshing native plugins compatible for Editor in 0.33 ms, found 2 plugins.
Preloading 0 native plugins for Editor in 0.00 ms.
Unloading 1402 Unused Serialized files (Serialized files now loaded: 0)
System memory in use before: 83.8 MB.
System memory in use after: 83.9 MB.

Unloading 14 unused Assets to reduce memory usage. Loaded Objects now: 1889.
Total: 1.715900 ms (FindLiveObjects: 0.149300 ms CreateObjectMapping: 0.035400 ms MarkObjects: 1.482800 ms  DeleteObjects: 0.047700 ms)

AssetImportParameters requested are different than current active one (requested -> active):
  custom:framework-win-MediaFoundation: 216162199b28c13a410421893ffa2e32 -> 
  custom:video-decoder-ogg-theora: a1e56fd34408186e4bbccfd4996cb3dc -> 
  custom:container-muxer-webm: aa71ff27fc2769a1b78a27578f13a17b -> 
  custom:container-demuxer-webm: 4f35f7cbe854078d1ac9338744f61a02 -> 
  custom:container-demuxer-ogg: 62fdf1f143b41e24485cea50d1cbac27 -> 
  custom:video-encoder-webm-vp8: eb34c28f22e8b96e1ab97ce403110664 -> 
  custom:video-decoder-webm-vp8: 9c59270c3fd7afecdb556c50c9e8de78 -> 
  custom:graphics/normal-map-encoding: 01000000000000000000000000000000 -> 02000000000000000000000000000000
  custom:audio-decoder-ogg-vorbis: bf7c407c2cedff20999df2af8eb42d56 -> 
  custom:audio-encoder-webm-vorbis: bf7c407c2cedff20999df2af8eb42d56 -> 
========================================================================
Received Import Request.
  Time since last request: 704.842561 seconds.
  path: Assets/Scripts/MenuController.cs
  artifactKey: Guid(b5a12ddd436453241adba72c795264dd) Importer(815301076,1909f56bfc062723c751e8b465ee728b)
Start importing Assets/Scripts/MenuController.cs using Guid(b5a12ddd436453241adba72c795264dd) Importer(815301076,1909f56bfc062723c751e8b465ee728b)  -> (artifact id: 'feb2916bac6ade545aae9d3aa6cfd757') in 0.007371 seconds 
  Import took 0.009420 seconds .

========================================================================
Received Prepare
Registering precompiled user dll's ...
Registered in 0.002840 seconds.
Begin MonoManager ReloadAssembly
Native extension for WindowsStandalone target not found
Refreshing native plugins compatible for Editor in 0.34 ms, found 2 plugins.
Preloading 0 native plugins for Editor in 0.00 ms.
Mono: successfully reloaded assembly
- Completed reload, in  0.775 seconds
Platform modules already initialized, skipping
Switching build target platform(19) subTarget(0) extendedPlatform(0) -> platform(13) subTarget(537395200) extendedPlatform(0)
Refreshing native plugins compatible for Editor in 0.32 ms, found 2 plugins.
Preloading 0 native plugins for Editor in 0.00 ms.
Unloading 1402 Unused Serialized files (Serialized files now loaded: 0)
System memory in use before: 83.8 MB.
System memory in use after: 83.9 MB.

Unloading 14 unused Assets to reduce memory usage. Loaded Objects now: 1892.
Total: 1.618500 ms (FindLiveObjects: 0.141100 ms CreateObjectMapping: 0.036100 ms MarkObjects: 1.398000 ms  DeleteObjects: 0.042500 ms)

AssetImportParameters requested are different than current active one (requested -> active):
  custom:framework-win-MediaFoundation: 216162199b28c13a410421893ffa2e32 -> 
  custom:video-decoder-ogg-theora: a1e56fd34408186e4bbccfd4996cb3dc -> 
  custom:container-muxer-webm: aa71ff27fc2769a1b78a27578f13a17b -> 
  custom:container-demuxer-webm: 4f35f7cbe854078d1ac9338744f61a02 -> 
  custom:container-demuxer-ogg: 62fdf1f143b41e24485cea50d1cbac27 -> 
  custom:video-encoder-webm-vp8: eb34c28f22e8b96e1ab97ce403110664 -> 
  custom:video-decoder-webm-vp8: 9c59270c3fd7afecdb556c50c9e8de78 -> 
  custom:graphics/normal-map-encoding: 01000000000000000000000000000000 -> 02000000000000000000000000000000
  custom:audio-decoder-ogg-vorbis: bf7c407c2cedff20999df2af8eb42d56 -> 
  custom:audio-encoder-webm-vorbis: bf7c407c2cedff20999df2af8eb42d56 -> 
========================================================================
Received Import Request.
  Time since last request: 33.150264 seconds.
  path: Assets/Scripts/MenuController.cs
  artifactKey: Guid(b5a12ddd436453241adba72c795264dd) Importer(815301076,1909f56bfc062723c751e8b465ee728b)
Start importing Assets/Scripts/MenuController.cs using Guid(b5a12ddd436453241adba72c795264dd) Importer(815301076,1909f56bfc062723c751e8b465ee728b)  -> (artifact id: 'e60a30db8ab73373aab8a6e234575c4b') in 0.003561 seconds 
  Import took 0.005484 seconds .

========================================================================
Received Prepare
Registering precompiled user dll's ...
Registered in 0.002903 seconds.
Begin MonoManager ReloadAssembly
Native extension for WindowsStandalone target not found
Refreshing native plugins compatible for Editor in 0.35 ms, found 2 plugins.
Preloading 0 native plugins for Editor in 0.00 ms.
Mono: successfully reloaded assembly
- Completed reload, in  0.775 seconds
Platform modules already initialized, skipping
Switching build target platform(19) subTarget(0) extendedPlatform(0) -> platform(13) subTarget(537395200) extendedPlatform(0)
Refreshing native plugins compatible for Editor in 0.31 ms, found 2 plugins.
Preloading 0 native plugins for Editor in 0.00 ms.
Unloading 1402 Unused Serialized files (Serialized files now loaded: 0)
System memory in use before: 83.8 MB.
System memory in use after: 83.9 MB.

Unloading 14 unused Assets to reduce memory usage. Loaded Objects now: 1895.
Total: 1.716300 ms (FindLiveObjects: 0.145900 ms CreateObjectMapping: 0.036500 ms MarkObjects: 1.489900 ms  DeleteObjects: 0.043100 ms)

AssetImportParameters requested are different than current active one (requested -> active):
  custom:framework-win-MediaFoundation: 216162199b28c13a410421893ffa2e32 -> 
  custom:video-decoder-ogg-theora: a1e56fd34408186e4bbccfd4996cb3dc -> 
  custom:container-muxer-webm: aa71ff27fc2769a1b78a27578f13a17b -> 
  custom:container-demuxer-webm: 4f35f7cbe854078d1ac9338744f61a02 -> 
  custom:container-demuxer-ogg: 62fdf1f143b41e24485cea50d1cbac27 -> 
  custom:video-encoder-webm-vp8: eb34c28f22e8b96e1ab97ce403110664 -> 
  custom:video-decoder-webm-vp8: 9c59270c3fd7afecdb556c50c9e8de78 -> 
  custom:graphics/normal-map-encoding: 01000000000000000000000000000000 -> 02000000000000000000000000000000
  custom:audio-decoder-ogg-vorbis: bf7c407c2cedff20999df2af8eb42d56 -> 
  custom:audio-encoder-webm-vorbis: bf7c407c2cedff20999df2af8eb42d56 -> 
========================================================================
Received Prepare
Registering precompiled user dll's ...
Registered in 0.002914 seconds.
Begin MonoManager ReloadAssembly
Native extension for WindowsStandalone target not found
Refreshing native plugins compatible for Editor in 0.34 ms, found 2 plugins.
Preloading 0 native plugins for Editor in 0.00 ms.
Mono: successfully reloaded assembly
- Completed reload, in  0.768 seconds
Platform modules already initialized, skipping
Switching build target platform(19) subTarget(0) extendedPlatform(0) -> platform(13) subTarget(537395200) extendedPlatform(0)
Refreshing native plugins compatible for Editor in 0.34 ms, found 2 plugins.
Preloading 0 native plugins for Editor in 0.00 ms.
Unloading 1402 Unused Serialized files (Serialized files now loaded: 0)
System memory in use before: 83.8 MB.
System memory in use after: 83.9 MB.

Unloading 14 unused Assets to reduce memory usage. Loaded Objects now: 1898.
Total: 1.621500 ms (FindLiveObjects: 0.143900 ms CreateObjectMapping: 0.030000 ms MarkObjects: 1.403300 ms  DeleteObjects: 0.043500 ms)

AssetImportParameters requested are different than current active one (requested -> active):
  custom:framework-win-MediaFoundation: 216162199b28c13a410421893ffa2e32 -> 
  custom:video-decoder-ogg-theora: a1e56fd34408186e4bbccfd4996cb3dc -> 
  custom:container-muxer-webm: aa71ff27fc2769a1b78a27578f13a17b -> 
  custom:container-demuxer-webm: 4f35f7cbe854078d1ac9338744f61a02 -> 
  custom:container-demuxer-ogg: 62fdf1f143b41e24485cea50d1cbac27 -> 
  custom:video-encoder-webm-vp8: eb34c28f22e8b96e1ab97ce403110664 -> 
  custom:video-decoder-webm-vp8: 9c59270c3fd7afecdb556c50c9e8de78 -> 
  custom:graphics/normal-map-encoding: 01000000000000000000000000000000 -> 02000000000000000000000000000000
  custom:audio-decoder-ogg-vorbis: bf7c407c2cedff20999df2af8eb42d56 -> 
  custom:audio-encoder-webm-vorbis: bf7c407c2cedff20999df2af8eb42d56 -> 
========================================================================
Received Prepare
Refreshing native plugins compatible for Editor in 2.43 ms, found 2 plugins.
Preloading 0 native plugins for Editor in 0.00 ms.
Unloading 12 Unused Serialized files (Serialized files now loaded: 0)
System memory in use before: 56.6 MB.
System memory in use after: 56.7 MB.

Unloading 12 unused Assets to reduce memory usage. Loaded Objects now: 1898.
Total: 1.644300 ms (FindLiveObjects: 0.157800 ms CreateObjectMapping: 0.030100 ms MarkObjects: 1.412400 ms  DeleteObjects: 0.042900 ms)

AssetImportParameters requested are different than current active one (requested -> active):
  custom:framework-win-MediaFoundation: 216162199b28c13a410421893ffa2e32 -> 
  custom:video-decoder-ogg-theora: a1e56fd34408186e4bbccfd4996cb3dc -> 
  custom:container-muxer-webm: aa71ff27fc2769a1b78a27578f13a17b -> 
  custom:container-demuxer-webm: 4f35f7cbe854078d1ac9338744f61a02 -> 
  custom:container-demuxer-ogg: 62fdf1f143b41e24485cea50d1cbac27 -> 
  custom:video-encoder-webm-vp8: eb34c28f22e8b96e1ab97ce403110664 -> 
  custom:video-decoder-webm-vp8: 9c59270c3fd7afecdb556c50c9e8de78 -> 
  custom:audio-decoder-ogg-vorbis: bf7c407c2cedff20999df2af8eb42d56 -> 
  custom:audio-encoder-webm-vorbis: bf7c407c2cedff20999df2af8eb42d56 -> 
========================================================================
Received Import Request.
  Time since last request: 726.999067 seconds.
  path: Assets/Scenes/MainMenu.unity
  artifactKey: Guid(1944076a5a1722d4d91b70cb52e9caa4) Importer(815301076,1909f56bfc062723c751e8b465ee728b)
Start importing Assets/Scenes/MainMenu.unity using Guid(1944076a5a1722d4d91b70cb52e9caa4) Importer(815301076,1909f56bfc062723c751e8b465ee728b)  -> (artifact id: 'a4752604c828b52d9f5dd95ee1ebcfd1') in 0.014851 seconds 
  Import took 0.018058 seconds .

========================================================================
Received Import Request.
  Time since last request: 227.104377 seconds.
  path: Assets/Scenes/GamePlay.unity
  artifactKey: Guid(9fc0d4010bbf28b4594072e72b8655ab) Importer(815301076,1909f56bfc062723c751e8b465ee728b)
Start importing Assets/Scenes/GamePlay.unity using Guid(9fc0d4010bbf28b4594072e72b8655ab) Importer(815301076,1909f56bfc062723c751e8b465ee728b)  -> (artifact id: '847dd09fedf954aea5b2e232e49b3ce2') in 0.002524 seconds 
  Import took 0.004854 seconds .

========================================================================
Received Prepare
Registering precompiled user dll's ...
Registered in 0.002815 seconds.
Begin MonoManager ReloadAssembly
Native extension for WindowsStandalone target not found
Refreshing native plugins compatible for Editor in 0.34 ms, found 2 plugins.
Preloading 0 native plugins for Editor in 0.00 ms.
Mono: successfully reloaded assembly
- Completed reload, in  0.772 seconds
Platform modules already initialized, skipping
Switching build target platform(19) subTarget(0) extendedPlatform(0) -> platform(13) subTarget(537395200) extendedPlatform(0)
Refreshing native plugins compatible for Editor in 0.32 ms, found 2 plugins.
Preloading 0 native plugins for Editor in 0.00 ms.
Unloading 1402 Unused Serialized files (Serialized files now loaded: 0)
System memory in use before: 83.9 MB.
System memory in use after: 83.9 MB.

Unloading 14 unused Assets to reduce memory usage. Loaded Objects now: 1901.
Total: 1.700400 ms (FindLiveObjects: 0.135600 ms CreateObjectMapping: 0.036200 ms MarkObjects: 1.481900 ms  DeleteObjects: 0.046000 ms)

AssetImportParameters requested are different than current active one (requested -> active):
  custom:framework-win-MediaFoundation: 216162199b28c13a410421893ffa2e32 -> 
  custom:video-decoder-ogg-theora: a1e56fd34408186e4bbccfd4996cb3dc -> 
  custom:container-muxer-webm: aa71ff27fc2769a1b78a27578f13a17b -> 
  custom:container-demuxer-webm: 4f35f7cbe854078d1ac9338744f61a02 -> 
  custom:container-demuxer-ogg: 62fdf1f143b41e24485cea50d1cbac27 -> 
  custom:video-encoder-webm-vp8: eb34c28f22e8b96e1ab97ce403110664 -> 
  custom:video-decoder-webm-vp8: 9c59270c3fd7afecdb556c50c9e8de78 -> 
  custom:graphics/normal-map-encoding: 01000000000000000000000000000000 -> 02000000000000000000000000000000
  custom:audio-decoder-ogg-vorbis: bf7c407c2cedff20999df2af8eb42d56 -> 
  custom:audio-encoder-webm-vorbis: bf7c407c2cedff20999df2af8eb42d56 -> 
========================================================================
Received Import Request.
  Time since last request: 317.481558 seconds.
  path: Assets/Scripts/Enemy
  artifactKey: Guid(0e4c93b25fd073148be3722041c093fb) Importer(815301076,1909f56bfc062723c751e8b465ee728b)
Start importing Assets/Scripts/Enemy using Guid(0e4c93b25fd073148be3722041c093fb) Importer(815301076,1909f56bfc062723c751e8b465ee728b)  -> (artifact id: '4088ac0688b6f08e3cf3de775c76b89c') in 0.008890 seconds 
  Import took 0.011165 seconds .

========================================================================
Received Import Request.
  Time since last request: 14.486781 seconds.
  path: Assets/Scripts/Enemy/HordeManager.cs
  artifactKey: Guid(1f3a960127879c644a65d9daf0a11cfd) Importer(815301076,1909f56bfc062723c751e8b465ee728b)
Start importing Assets/Scripts/Enemy/HordeManager.cs using Guid(1f3a960127879c644a65d9daf0a11cfd) Importer(815301076,1909f56bfc062723c751e8b465ee728b)  -> (artifact id: 'd63e6687623eb12d90a70a4263c8ca1a') in 0.007308 seconds 
  Import took 0.010067 seconds .

========================================================================
Received Prepare
Registering precompiled user dll's ...
Registered in 0.002812 seconds.
Begin MonoManager ReloadAssembly
Native extension for WindowsStandalone target not found
Refreshing native plugins compatible for Editor in 0.33 ms, found 2 plugins.
Preloading 0 native plugins for Editor in 0.00 ms.
Mono: successfully reloaded assembly
- Completed reload, in  0.882 seconds
Platform modules already initialized, skipping
Switching build target platform(19) subTarget(0) extendedPlatform(0) -> platform(13) subTarget(537395200) extendedPlatform(0)
Refreshing native plugins compatible for Editor in 0.32 ms, found 2 plugins.
Preloading 0 native plugins for Editor in 0.00 ms.
Unloading 1403 Unused Serialized files (Serialized files now loaded: 0)
System memory in use before: 83.9 MB.
System memory in use after: 84.0 MB.

Unloading 14 unused Assets to reduce memory usage. Loaded Objects now: 1905.
Total: 1.767700 ms (FindLiveObjects: 0.155100 ms CreateObjectMapping: 0.036100 ms MarkObjects: 1.530600 ms  DeleteObjects: 0.045100 ms)

AssetImportParameters requested are different than current active one (requested -> active):
  custom:framework-win-MediaFoundation: 216162199b28c13a410421893ffa2e32 -> 
  custom:video-decoder-ogg-theora: a1e56fd34408186e4bbccfd4996cb3dc -> 
  custom:container-muxer-webm: aa71ff27fc2769a1b78a27578f13a17b -> 
  custom:container-demuxer-webm: 4f35f7cbe854078d1ac9338744f61a02 -> 
  custom:container-demuxer-ogg: 62fdf1f143b41e24485cea50d1cbac27 -> 
  custom:video-encoder-webm-vp8: eb34c28f22e8b96e1ab97ce403110664 -> 
  custom:video-decoder-webm-vp8: 9c59270c3fd7afecdb556c50c9e8de78 -> 
  custom:graphics/normal-map-encoding: 01000000000000000000000000000000 -> 02000000000000000000000000000000
  custom:audio-decoder-ogg-vorbis: bf7c407c2cedff20999df2af8eb42d56 -> 
  custom:audio-encoder-webm-vorbis: bf7c407c2cedff20999df2af8eb42d56 -> 
========================================================================
Received Import Request.
  Time since last request: 282.810835 seconds.
  path: Assets/Scripts/Enemy/HordeManager.cs
  artifactKey: Guid(1f3a960127879c644a65d9daf0a11cfd) Importer(815301076,1909f56bfc062723c751e8b465ee728b)
Start importing Assets/Scripts/Enemy/HordeManager.cs using Guid(1f3a960127879c644a65d9daf0a11cfd) Importer(815301076,1909f56bfc062723c751e8b465ee728b)  -> (artifact id: '354f5a33c3f8424c04b486f894753e81') in 0.004394 seconds 
  Import took 0.006962 seconds .

========================================================================
Received Prepare
Registering precompiled user dll's ...
Registered in 0.002870 seconds.
Begin MonoManager ReloadAssembly
Native extension for WindowsStandalone target not found
Refreshing native plugins compatible for Editor in 0.34 ms, found 2 plugins.
Preloading 0 native plugins for Editor in 0.00 ms.
Mono: successfully reloaded assembly
- Completed reload, in  0.804 seconds
Platform modules already initialized, skipping
Switching build target platform(19) subTarget(0) extendedPlatform(0) -> platform(13) subTarget(537395200) extendedPlatform(0)
Refreshing native plugins compatible for Editor in 0.34 ms, found 2 plugins.
Preloading 0 native plugins for Editor in 0.00 ms.
Unloading 1403 Unused Serialized files (Serialized files now loaded: 0)
System memory in use before: 83.9 MB.
System memory in use after: 84.0 MB.

Unloading 14 unused Assets to reduce memory usage. Loaded Objects now: 1908.
Total: 1.689000 ms (FindLiveObjects: 0.132700 ms CreateObjectMapping: 0.030100 ms MarkObjects: 1.477100 ms  DeleteObjects: 0.048400 ms)

AssetImportParameters requested are different than current active one (requested -> active):
  custom:framework-win-MediaFoundation: 216162199b28c13a410421893ffa2e32 -> 
  custom:video-decoder-ogg-theora: a1e56fd34408186e4bbccfd4996cb3dc -> 
  custom:container-muxer-webm: aa71ff27fc2769a1b78a27578f13a17b -> 
  custom:container-demuxer-webm: 4f35f7cbe854078d1ac9338744f61a02 -> 
  custom:container-demuxer-ogg: 62fdf1f143b41e24485cea50d1cbac27 -> 
  custom:video-encoder-webm-vp8: eb34c28f22e8b96e1ab97ce403110664 -> 
  custom:video-decoder-webm-vp8: 9c59270c3fd7afecdb556c50c9e8de78 -> 
  custom:graphics/normal-map-encoding: 01000000000000000000000000000000 -> 02000000000000000000000000000000
  custom:audio-decoder-ogg-vorbis: bf7c407c2cedff20999df2af8eb42d56 -> 
  custom:audio-encoder-webm-vorbis: bf7c407c2cedff20999df2af8eb42d56 -> 
========================================================================
Received Import Request.
  Time since last request: 63.968095 seconds.
  path: Assets/3rdParty
  artifactKey: Guid(515f8cf30f121504c99fb46799c460ed) Importer(815301076,1909f56bfc062723c751e8b465ee728b)
Start importing Assets/3rdParty using Guid(515f8cf30f121504c99fb46799c460ed) Importer(815301076,1909f56bfc062723c751e8b465ee728b)  -> (artifact id: '22ab830df4a5e9d2aefbcffdbc4bad6c') in 0.006993 seconds 
  Import took 0.009984 seconds .

========================================================================
Received Import Request.
  Time since last request: 3.961847 seconds.
  path: Assets/Materials/Ground.mat
  artifactKey: Guid(bea0a8c6a9a96a84fb45723b1137d9b4) Importer(815301076,1909f56bfc062723c751e8b465ee728b)
Start importing Assets/Materials/Ground.mat using Guid(bea0a8c6a9a96a84fb45723b1137d9b4) Importer(815301076,1909f56bfc062723c751e8b465ee728b)  -> (artifact id: '89ab36a73e038bbc04952cf4e150ef71') in 0.073967 seconds 
  Import took 0.076223 seconds .

========================================================================
Received Import Request.
  Time since last request: 28.971192 seconds.
  path: Assets/Prefabs/BossTemplate.prefab
  artifactKey: Guid(6f390e88ce9de924eb6df52030423d8c) Importer(815301076,1909f56bfc062723c751e8b465ee728b)
Start importing Assets/Prefabs/BossTemplate.prefab using Guid(6f390e88ce9de924eb6df52030423d8c) Importer(815301076,1909f56bfc062723c751e8b465ee728b)  -> (artifact id: 'a7b40a81b1b971ba6ad36617e23245b3') in 0.013360 seconds 
  Import took 0.015696 seconds .

========================================================================
Received Import Request.
  Time since last request: 10.926582 seconds.
  path: Assets/Scripts/PoolingSystem.cs
  artifactKey: Guid(f0ad62ec7ebff5949a359577ff0d354c) Importer(815301076,1909f56bfc062723c751e8b465ee728b)
Start importing Assets/Scripts/PoolingSystem.cs using Guid(f0ad62ec7ebff5949a359577ff0d354c) Importer(815301076,1909f56bfc062723c751e8b465ee728b)  -> (artifact id: '9387ac4d3099e54576926c0684e53aa5') in 0.006708 seconds 
  Import took 0.008948 seconds .

========================================================================
Received Prepare
Registering precompiled user dll's ...
Registered in 0.002798 seconds.
Begin MonoManager ReloadAssembly
Native extension for WindowsStandalone target not found
Refreshing native plugins compatible for Editor in 0.35 ms, found 2 plugins.
Preloading 0 native plugins for Editor in 0.00 ms.
Mono: successfully reloaded assembly
- Completed reload, in  0.898 seconds
Platform modules already initialized, skipping
Switching build target platform(19) subTarget(0) extendedPlatform(0) -> platform(13) subTarget(537395200) extendedPlatform(0)
Refreshing native plugins compatible for Editor in 0.33 ms, found 2 plugins.
Preloading 0 native plugins for Editor in 0.00 ms.
Unloading 1404 Unused Serialized files (Serialized files now loaded: 0)
System memory in use before: 84.2 MB.
System memory in use after: 84.2 MB.

Unloading 14 unused Assets to reduce memory usage. Loaded Objects now: 1946.
Total: 1.704700 ms (FindLiveObjects: 0.154700 ms CreateObjectMapping: 0.035900 ms MarkObjects: 1.467700 ms  DeleteObjects: 0.045300 ms)

AssetImportParameters requested are different than current active one (requested -> active):
  custom:framework-win-MediaFoundation: 216162199b28c13a410421893ffa2e32 -> 
  custom:video-decoder-ogg-theora: a1e56fd34408186e4bbccfd4996cb3dc -> 
  custom:container-muxer-webm: aa71ff27fc2769a1b78a27578f13a17b -> 
  custom:container-demuxer-webm: 4f35f7cbe854078d1ac9338744f61a02 -> 
  custom:container-demuxer-ogg: 62fdf1f143b41e24485cea50d1cbac27 -> 
  custom:video-encoder-webm-vp8: eb34c28f22e8b96e1ab97ce403110664 -> 
  custom:video-decoder-webm-vp8: 9c59270c3fd7afecdb556c50c9e8de78 -> 
  custom:graphics/normal-map-encoding: 01000000000000000000000000000000 -> 02000000000000000000000000000000
  custom:audio-decoder-ogg-vorbis: bf7c407c2cedff20999df2af8eb42d56 -> 
  custom:audio-encoder-webm-vorbis: bf7c407c2cedff20999df2af8eb42d56 -> 
========================================================================
Received Prepare
Registering precompiled user dll's ...
Registered in 0.002810 seconds.
Begin MonoManager ReloadAssembly
Native extension for WindowsStandalone target not found
Refreshing native plugins compatible for Editor in 0.34 ms, found 2 plugins.
Preloading 0 native plugins for Editor in 0.00 ms.
Mono: successfully reloaded assembly
- Completed reload, in  0.837 seconds
Platform modules already initialized, skipping
Switching build target platform(19) subTarget(0) extendedPlatform(0) -> platform(13) subTarget(537395200) extendedPlatform(0)
Refreshing native plugins compatible for Editor in 0.35 ms, found 2 plugins.
Preloading 0 native plugins for Editor in 0.00 ms.
Unloading 1404 Unused Serialized files (Serialized files now loaded: 0)
System memory in use before: 84.2 MB.
System memory in use after: 84.2 MB.

Unloading 14 unused Assets to reduce memory usage. Loaded Objects now: 1949.
Total: 1.673500 ms (FindLiveObjects: 0.153700 ms CreateObjectMapping: 0.030300 ms MarkObjects: 1.438500 ms  DeleteObjects: 0.050100 ms)

AssetImportParameters requested are different than current active one (requested -> active):
  custom:framework-win-MediaFoundation: 216162199b28c13a410421893ffa2e32 -> 
  custom:video-decoder-ogg-theora: a1e56fd34408186e4bbccfd4996cb3dc -> 
  custom:container-muxer-webm: aa71ff27fc2769a1b78a27578f13a17b -> 
  custom:container-demuxer-webm: 4f35f7cbe854078d1ac9338744f61a02 -> 
  custom:container-demuxer-ogg: 62fdf1f143b41e24485cea50d1cbac27 -> 
  custom:video-encoder-webm-vp8: eb34c28f22e8b96e1ab97ce403110664 -> 
  custom:video-decoder-webm-vp8: 9c59270c3fd7afecdb556c50c9e8de78 -> 
  custom:graphics/normal-map-encoding: 01000000000000000000000000000000 -> 02000000000000000000000000000000
  custom:audio-decoder-ogg-vorbis: bf7c407c2cedff20999df2af8eb42d56 -> 
  custom:audio-encoder-webm-vorbis: bf7c407c2cedff20999df2af8eb42d56 -> 
========================================================================
Received Prepare
Registering precompiled user dll's ...
Registered in 0.002756 seconds.
Begin MonoManager ReloadAssembly
Native extension for WindowsStandalone target not found
Refreshing native plugins compatible for Editor in 0.34 ms, found 2 plugins.
Preloading 0 native plugins for Editor in 0.00 ms.
Mono: successfully reloaded assembly
- Completed reload, in  0.806 seconds
Platform modules already initialized, skipping
Switching build target platform(19) subTarget(0) extendedPlatform(0) -> platform(13) subTarget(537395200) extendedPlatform(0)
Refreshing native plugins compatible for Editor in 0.32 ms, found 2 plugins.
Preloading 0 native plugins for Editor in 0.00 ms.
Unloading 1404 Unused Serialized files (Serialized files now loaded: 0)
System memory in use before: 84.2 MB.
System memory in use after: 84.3 MB.

Unloading 14 unused Assets to reduce memory usage. Loaded Objects now: 1952.
Total: 1.673300 ms (FindLiveObjects: 0.142700 ms CreateObjectMapping: 0.036100 ms MarkObjects: 1.448300 ms  DeleteObjects: 0.045300 ms)

AssetImportParameters requested are different than current active one (requested -> active):
  custom:framework-win-MediaFoundation: 216162199b28c13a410421893ffa2e32 -> 
  custom:video-decoder-ogg-theora: a1e56fd34408186e4bbccfd4996cb3dc -> 
  custom:container-muxer-webm: aa71ff27fc2769a1b78a27578f13a17b -> 
  custom:container-demuxer-webm: 4f35f7cbe854078d1ac9338744f61a02 -> 
  custom:container-demuxer-ogg: 62fdf1f143b41e24485cea50d1cbac27 -> 
  custom:video-encoder-webm-vp8: eb34c28f22e8b96e1ab97ce403110664 -> 
  custom:video-decoder-webm-vp8: 9c59270c3fd7afecdb556c50c9e8de78 -> 
  custom:graphics/normal-map-encoding: 01000000000000000000000000000000 -> 02000000000000000000000000000000
  custom:audio-decoder-ogg-vorbis: bf7c407c2cedff20999df2af8eb42d56 -> 
  custom:audio-encoder-webm-vorbis: bf7c407c2cedff20999df2af8eb42d56 -> 
========================================================================
Received Prepare
Registering precompiled user dll's ...
Registered in 0.002757 seconds.
Begin MonoManager ReloadAssembly
Native extension for WindowsStandalone target not found
Refreshing native plugins compatible for Editor in 0.34 ms, found 2 plugins.
Preloading 0 native plugins for Editor in 0.00 ms.
Mono: successfully reloaded assembly
- Completed reload, in  0.829 seconds
Platform modules already initialized, skipping
Switching build target platform(19) subTarget(0) extendedPlatform(0) -> platform(13) subTarget(537395200) extendedPlatform(0)
Refreshing native plugins compatible for Editor in 0.33 ms, found 2 plugins.
Preloading 0 native plugins for Editor in 0.00 ms.
Unloading 1404 Unused Serialized files (Serialized files now loaded: 0)
System memory in use before: 84.2 MB.
System memory in use after: 84.3 MB.

Unloading 14 unused Assets to reduce memory usage. Loaded Objects now: 1955.
Total: 1.668600 ms (FindLiveObjects: 0.156600 ms CreateObjectMapping: 0.031500 ms MarkObjects: 1.429900 ms  DeleteObjects: 0.049600 ms)

AssetImportParameters requested are different than current active one (requested -> active):
  custom:framework-win-MediaFoundation: 216162199b28c13a410421893ffa2e32 -> 
  custom:video-decoder-ogg-theora: a1e56fd34408186e4bbccfd4996cb3dc -> 
  custom:container-muxer-webm: aa71ff27fc2769a1b78a27578f13a17b -> 
  custom:container-demuxer-webm: 4f35f7cbe854078d1ac9338744f61a02 -> 
  custom:container-demuxer-ogg: 62fdf1f143b41e24485cea50d1cbac27 -> 
  custom:video-encoder-webm-vp8: eb34c28f22e8b96e1ab97ce403110664 -> 
  custom:video-decoder-webm-vp8: 9c59270c3fd7afecdb556c50c9e8de78 -> 
  custom:graphics/normal-map-encoding: 01000000000000000000000000000000 -> 02000000000000000000000000000000
  custom:audio-decoder-ogg-vorbis: bf7c407c2cedff20999df2af8eb42d56 -> 
  custom:audio-encoder-webm-vorbis: bf7c407c2cedff20999df2af8eb42d56 -> 
========================================================================
Received Prepare
Registering precompiled user dll's ...
Registered in 0.003009 seconds.
Begin MonoManager ReloadAssembly
Native extension for WindowsStandalone target not found
Refreshing native plugins compatible for Editor in 0.33 ms, found 2 plugins.
Preloading 0 native plugins for Editor in 0.00 ms.
Mono: successfully reloaded assembly
- Completed reload, in  0.841 seconds
Platform modules already initialized, skipping
Switching build target platform(19) subTarget(0) extendedPlatform(0) -> platform(13) subTarget(537395200) extendedPlatform(0)
Refreshing native plugins compatible for Editor in 0.32 ms, found 2 plugins.
Preloading 0 native plugins for Editor in 0.00 ms.
Unloading 1404 Unused Serialized files (Serialized files now loaded: 0)
System memory in use before: 84.2 MB.
System memory in use after: 84.3 MB.

Unloading 14 unused Assets to reduce memory usage. Loaded Objects now: 1958.
Total: 1.671600 ms (FindLiveObjects: 0.142500 ms CreateObjectMapping: 0.036000 ms MarkObjects: 1.447800 ms  DeleteObjects: 0.044400 ms)

AssetImportParameters requested are different than current active one (requested -> active):
  custom:framework-win-MediaFoundation: 216162199b28c13a410421893ffa2e32 -> 
  custom:video-decoder-ogg-theora: a1e56fd34408186e4bbccfd4996cb3dc -> 
  custom:container-muxer-webm: aa71ff27fc2769a1b78a27578f13a17b -> 
  custom:container-demuxer-webm: 4f35f7cbe854078d1ac9338744f61a02 -> 
  custom:container-demuxer-ogg: 62fdf1f143b41e24485cea50d1cbac27 -> 
  custom:video-encoder-webm-vp8: eb34c28f22e8b96e1ab97ce403110664 -> 
  custom:video-decoder-webm-vp8: 9c59270c3fd7afecdb556c50c9e8de78 -> 
  custom:graphics/normal-map-encoding: 01000000000000000000000000000000 -> 02000000000000000000000000000000
  custom:audio-decoder-ogg-vorbis: bf7c407c2cedff20999df2af8eb42d56 -> 
  custom:audio-encoder-webm-vorbis: bf7c407c2cedff20999df2af8eb42d56 -> 
AssetImportWorkerClient::OnTransportError - code=2 error=End of file
